2024-09-22 11:33:51 - Starting BookstoreApplication using Java 21.0.2 with PID 8784 (C:\Users\USER\Desktop\IAP\Assessment\etiqa assessment\bookstore\target\classes started by VirtualBag in C:\Users\USER\Desktop\IAP\Assessment\etiqa assessment\bookstore)
2024-09-22 11:33:51 - No active profile set, falling back to 1 default profile: "default"
2024-09-22 11:33:52 - Bootstrapping Spring Data JPA repositories in DEFAULT mode.
2024-09-22 11:33:52 - Finished Spring Data repository scanning in 115 ms. Found 2 JPA repository interfaces.
2024-09-22 11:33:53 - Tomcat initialized with port 8080 (http)
2024-09-22 11:33:53 - Initializing ProtocolHandler ["http-nio-8080"]
2024-09-22 11:33:53 - Starting service [Tomcat]
2024-09-22 11:33:53 - Starting Servlet engine: [Apache Tomcat/10.1.30]
2024-09-22 11:33:53 - Initializing Spring embedded WebApplicationContext
2024-09-22 11:33:53 - Root WebApplicationContext: initialization completed in 2369 ms
2024-09-22 11:33:54 - HHH000204: Processing PersistenceUnitInfo [name: default]
2024-09-22 11:33:54 - HHH000412: Hibernate ORM core version 6.5.3.Final
2024-09-22 11:33:54 - HHH000026: Second-level cache disabled
2024-09-22 11:33:55 - No LoadTimeWeaver setup: ignoring JPA class transformer
2024-09-22 11:33:55 - HikariPool-1 - Starting...
2024-09-22 11:33:55 - HikariPool-1 - Added connection com.mysql.cj.jdbc.ConnectionImpl@250e8712
2024-09-22 11:33:55 - HikariPool-1 - Start completed.
2024-09-22 11:33:55 - HHH90000025: MySQLDialect does not need to be specified explicitly using 'hibernate.dialect' (remove the property setting and it will be selected by default)
2024-09-22 11:33:56 - HHH000489: No JTA platform available (set 'hibernate.transaction.jta.platform' to enable JTA platform integration)
2024-09-22 11:33:56 - Initialized JPA EntityManagerFactory for persistence unit 'default'
2024-09-22 11:33:57 - spring.jpa.open-in-view is enabled by default. Therefore, database queries may be performed during view rendering. Explicitly configure spring.jpa.open-in-view to disable this warning
2024-09-22 11:33:58 - Exposing 1 endpoint beneath base path '/actuator'
2024-09-22 11:33:58 - Starting ProtocolHandler ["http-nio-8080"]
2024-09-22 11:33:58 - Tomcat started on port 8080 (http) with context path '/'
2024-09-22 11:33:58 - Started BookstoreApplication in 7.748 seconds (process running for 8.251)
2024-09-22 11:34:49 - Initializing Spring DispatcherServlet 'dispatcherServlet'
2024-09-22 11:34:49 - Initializing Servlet 'dispatcherServlet'
2024-09-22 11:34:49 - Completed initialization in 1 ms
2024-09-22 11:34:49 - Request HTTP: GET, Request URI: /api/product/123123
2024-09-22 11:34:49 - Calling URL viewProduct
2024-09-22 11:34:49 - Get product by id: 123123
2024-09-22 11:34:49 - Servlet.service() for servlet [dispatcherServlet] in context with path [] threw exception [Request processing failed: java.util.NoSuchElementException: No product available] with root cause
java.util.NoSuchElementException: No product available
	at com.app.bookstore.service.ProductService.lambda$getProductById$2(ProductService.java:47)
	at java.base/java.util.Optional.orElseThrow(Optional.java:403)
	at com.app.bookstore.service.ProductService.getProductById(ProductService.java:47)
	at com.app.bookstore.controller.ProductController.viewProduct(ProductController.java:38)
	at java.base/jdk.internal.reflect.DirectMethodHandleAccessor.invoke(DirectMethodHandleAccessor.java:103)
	at java.base/java.lang.reflect.Method.invoke(Method.java:580)
	at org.springframework.web.method.support.InvocableHandlerMethod.doInvoke(InvocableHandlerMethod.java:255)
	at org.springframework.web.method.support.InvocableHandlerMethod.invokeForRequest(InvocableHandlerMethod.java:188)
	at org.springframework.web.servlet.mvc.method.annotation.ServletInvocableHandlerMethod.invokeAndHandle(ServletInvocableHandlerMethod.java:118)
	at org.springframework.web.servlet.mvc.method.annotation.RequestMappingHandlerAdapter.invokeHandlerMethod(RequestMappingHandlerAdapter.java:926)
	at org.springframework.web.servlet.mvc.method.annotation.RequestMappingHandlerAdapter.handleInternal(RequestMappingHandlerAdapter.java:831)
	at org.springframework.web.servlet.mvc.method.AbstractHandlerMethodAdapter.handle(AbstractHandlerMethodAdapter.java:87)
	at org.springframework.web.servlet.DispatcherServlet.doDispatch(DispatcherServlet.java:1089)
	at org.springframework.web.servlet.DispatcherServlet.doService(DispatcherServlet.java:979)
	at org.springframework.web.servlet.FrameworkServlet.processRequest(FrameworkServlet.java:1014)
	at org.springframework.web.servlet.FrameworkServlet.doGet(FrameworkServlet.java:903)
	at jakarta.servlet.http.HttpServlet.service(HttpServlet.java:564)
	at org.springframework.web.servlet.FrameworkServlet.service(FrameworkServlet.java:885)
	at jakarta.servlet.http.HttpServlet.service(HttpServlet.java:658)
	at org.apache.catalina.core.ApplicationFilterChain.internalDoFilter(ApplicationFilterChain.java:195)
	at org.apache.catalina.core.ApplicationFilterChain.doFilter(ApplicationFilterChain.java:140)
	at org.apache.tomcat.websocket.server.WsFilter.doFilter(WsFilter.java:51)
	at org.apache.catalina.core.ApplicationFilterChain.internalDoFilter(ApplicationFilterChain.java:164)
	at org.apache.catalina.core.ApplicationFilterChain.doFilter(ApplicationFilterChain.java:140)
	at com.app.bookstore.log.LoggingFilter.doFilterInternal(LoggingFilter.java:23)
	at org.springframework.web.filter.OncePerRequestFilter.doFilter(OncePerRequestFilter.java:116)
	at org.apache.catalina.core.ApplicationFilterChain.internalDoFilter(ApplicationFilterChain.java:164)
	at org.apache.catalina.core.ApplicationFilterChain.doFilter(ApplicationFilterChain.java:140)
	at org.springframework.web.filter.RequestContextFilter.doFilterInternal(RequestContextFilter.java:100)
	at org.springframework.web.filter.OncePerRequestFilter.doFilter(OncePerRequestFilter.java:116)
	at org.apache.catalina.core.ApplicationFilterChain.internalDoFilter(ApplicationFilterChain.java:164)
	at org.apache.catalina.core.ApplicationFilterChain.doFilter(ApplicationFilterChain.java:140)
	at org.springframework.web.filter.FormContentFilter.doFilterInternal(FormContentFilter.java:93)
	at org.springframework.web.filter.OncePerRequestFilter.doFilter(OncePerRequestFilter.java:116)
	at org.apache.catalina.core.ApplicationFilterChain.internalDoFilter(ApplicationFilterChain.java:164)
	at org.apache.catalina.core.ApplicationFilterChain.doFilter(ApplicationFilterChain.java:140)
	at org.springframework.web.filter.ServerHttpObservationFilter.doFilterInternal(ServerHttpObservationFilter.java:113)
	at org.springframework.web.filter.OncePerRequestFilter.doFilter(OncePerRequestFilter.java:116)
	at org.apache.catalina.core.ApplicationFilterChain.internalDoFilter(ApplicationFilterChain.java:164)
	at org.apache.catalina.core.ApplicationFilterChain.doFilter(ApplicationFilterChain.java:140)
	at org.springframework.web.filter.CharacterEncodingFilter.doFilterInternal(CharacterEncodingFilter.java:201)
	at org.springframework.web.filter.OncePerRequestFilter.doFilter(OncePerRequestFilter.java:116)
	at org.apache.catalina.core.ApplicationFilterChain.internalDoFilter(ApplicationFilterChain.java:164)
	at org.apache.catalina.core.ApplicationFilterChain.doFilter(ApplicationFilterChain.java:140)
	at org.apache.catalina.core.StandardWrapperValve.invoke(StandardWrapperValve.java:167)
	at org.apache.catalina.core.StandardContextValve.invoke(StandardContextValve.java:90)
	at org.apache.catalina.authenticator.AuthenticatorBase.invoke(AuthenticatorBase.java:483)
	at org.apache.catalina.core.StandardHostValve.invoke(StandardHostValve.java:115)
	at org.apache.catalina.valves.ErrorReportValve.invoke(ErrorReportValve.java:93)
	at org.apache.catalina.core.StandardEngineValve.invoke(StandardEngineValve.java:74)
	at org.apache.catalina.connector.CoyoteAdapter.service(CoyoteAdapter.java:344)
	at org.apache.coyote.http11.Http11Processor.service(Http11Processor.java:384)
	at org.apache.coyote.AbstractProcessorLight.process(AbstractProcessorLight.java:63)
	at org.apache.coyote.AbstractProtocol$ConnectionHandler.process(AbstractProtocol.java:905)
	at org.apache.tomcat.util.net.NioEndpoint$SocketProcessor.doRun(NioEndpoint.java:1741)
	at org.apache.tomcat.util.net.SocketProcessorBase.run(SocketProcessorBase.java:52)
	at org.apache.tomcat.util.threads.ThreadPoolExecutor.runWorker(ThreadPoolExecutor.java:1190)
	at org.apache.tomcat.util.threads.ThreadPoolExecutor$Worker.run(ThreadPoolExecutor.java:659)
	at org.apache.tomcat.util.threads.TaskThread$WrappingRunnable.run(TaskThread.java:63)
	at java.base/java.lang.Thread.run(Thread.java:1583)
2024-09-22 11:35:02 - Closing JPA EntityManagerFactory for persistence unit 'default'
2024-09-22 11:35:02 - HikariPool-1 - Shutdown initiated...
2024-09-22 11:35:02 - HikariPool-1 - Shutdown completed.
2024-09-22 11:35:06 - Starting BookstoreApplication using Java 21.0.2 with PID 26104 (C:\Users\USER\Desktop\IAP\Assessment\etiqa assessment\bookstore\target\classes started by VirtualBag in C:\Users\USER\Desktop\IAP\Assessment\etiqa assessment\bookstore)
2024-09-22 11:35:06 - No active profile set, falling back to 1 default profile: "default"
2024-09-22 11:35:07 - Bootstrapping Spring Data JPA repositories in DEFAULT mode.
2024-09-22 11:35:07 - Finished Spring Data repository scanning in 148 ms. Found 2 JPA repository interfaces.
2024-09-22 11:35:08 - Tomcat initialized with port 8080 (http)
2024-09-22 11:35:08 - Initializing ProtocolHandler ["http-nio-8080"]
2024-09-22 11:35:08 - Starting service [Tomcat]
2024-09-22 11:35:08 - Starting Servlet engine: [Apache Tomcat/10.1.30]
2024-09-22 11:35:09 - Initializing Spring embedded WebApplicationContext
2024-09-22 11:35:09 - Root WebApplicationContext: initialization completed in 2814 ms
2024-09-22 11:35:09 - HHH000204: Processing PersistenceUnitInfo [name: default]
2024-09-22 11:35:09 - HHH000412: Hibernate ORM core version 6.5.3.Final
2024-09-22 11:35:10 - HHH000026: Second-level cache disabled
2024-09-22 11:35:10 - No LoadTimeWeaver setup: ignoring JPA class transformer
2024-09-22 11:35:10 - HikariPool-1 - Starting...
2024-09-22 11:35:10 - HikariPool-1 - Added connection com.mysql.cj.jdbc.ConnectionImpl@250e8712
2024-09-22 11:35:10 - HikariPool-1 - Start completed.
2024-09-22 11:35:10 - HHH90000025: MySQLDialect does not need to be specified explicitly using 'hibernate.dialect' (remove the property setting and it will be selected by default)
2024-09-22 11:35:11 - HHH000489: No JTA platform available (set 'hibernate.transaction.jta.platform' to enable JTA platform integration)
2024-09-22 11:35:11 - Initialized JPA EntityManagerFactory for persistence unit 'default'
2024-09-22 11:35:12 - spring.jpa.open-in-view is enabled by default. Therefore, database queries may be performed during view rendering. Explicitly configure spring.jpa.open-in-view to disable this warning
2024-09-22 11:35:14 - Exposing 1 endpoint beneath base path '/actuator'
2024-09-22 11:35:14 - Starting ProtocolHandler ["http-nio-8080"]
2024-09-22 11:35:14 - Tomcat started on port 8080 (http) with context path '/'
2024-09-22 11:35:14 - Started BookstoreApplication in 8.759 seconds (process running for 9.293)
2024-09-22 11:35:25 - Initializing Spring DispatcherServlet 'dispatcherServlet'
2024-09-22 11:35:25 - Initializing Servlet 'dispatcherServlet'
2024-09-22 11:35:25 - Completed initialization in 1 ms
2024-09-22 11:35:25 - Request HTTP: GET, Request URI: /api/product/123123
2024-09-22 11:35:25 - Calling URL viewProduct
2024-09-22 11:35:25 - Get product by id: 123123
2024-09-22 11:35:25 - Servlet.service() for servlet [dispatcherServlet] in context with path [] threw exception [Request processing failed: java.util.NoSuchElementException: No product available] with root cause
java.util.NoSuchElementException: No product available
	at com.app.bookstore.service.ProductService.lambda$getProductById$2(ProductService.java:47)
	at java.base/java.util.Optional.orElseThrow(Optional.java:403)
	at com.app.bookstore.service.ProductService.getProductById(ProductService.java:47)
	at com.app.bookstore.controller.ProductController.viewProduct(ProductController.java:38)
	at java.base/jdk.internal.reflect.DirectMethodHandleAccessor.invoke(DirectMethodHandleAccessor.java:103)
	at java.base/java.lang.reflect.Method.invoke(Method.java:580)
	at org.springframework.web.method.support.InvocableHandlerMethod.doInvoke(InvocableHandlerMethod.java:255)
	at org.springframework.web.method.support.InvocableHandlerMethod.invokeForRequest(InvocableHandlerMethod.java:188)
	at org.springframework.web.servlet.mvc.method.annotation.ServletInvocableHandlerMethod.invokeAndHandle(ServletInvocableHandlerMethod.java:118)
	at org.springframework.web.servlet.mvc.method.annotation.RequestMappingHandlerAdapter.invokeHandlerMethod(RequestMappingHandlerAdapter.java:926)
	at org.springframework.web.servlet.mvc.method.annotation.RequestMappingHandlerAdapter.handleInternal(RequestMappingHandlerAdapter.java:831)
	at org.springframework.web.servlet.mvc.method.AbstractHandlerMethodAdapter.handle(AbstractHandlerMethodAdapter.java:87)
	at org.springframework.web.servlet.DispatcherServlet.doDispatch(DispatcherServlet.java:1089)
	at org.springframework.web.servlet.DispatcherServlet.doService(DispatcherServlet.java:979)
	at org.springframework.web.servlet.FrameworkServlet.processRequest(FrameworkServlet.java:1014)
	at org.springframework.web.servlet.FrameworkServlet.doGet(FrameworkServlet.java:903)
	at jakarta.servlet.http.HttpServlet.service(HttpServlet.java:564)
	at org.springframework.web.servlet.FrameworkServlet.service(FrameworkServlet.java:885)
	at jakarta.servlet.http.HttpServlet.service(HttpServlet.java:658)
	at org.apache.catalina.core.ApplicationFilterChain.internalDoFilter(ApplicationFilterChain.java:195)
	at org.apache.catalina.core.ApplicationFilterChain.doFilter(ApplicationFilterChain.java:140)
	at org.apache.tomcat.websocket.server.WsFilter.doFilter(WsFilter.java:51)
	at org.apache.catalina.core.ApplicationFilterChain.internalDoFilter(ApplicationFilterChain.java:164)
	at org.apache.catalina.core.ApplicationFilterChain.doFilter(ApplicationFilterChain.java:140)
	at com.app.bookstore.log.LoggingFilter.doFilterInternal(LoggingFilter.java:23)
	at org.springframework.web.filter.OncePerRequestFilter.doFilter(OncePerRequestFilter.java:116)
	at org.apache.catalina.core.ApplicationFilterChain.internalDoFilter(ApplicationFilterChain.java:164)
	at org.apache.catalina.core.ApplicationFilterChain.doFilter(ApplicationFilterChain.java:140)
	at org.springframework.web.filter.RequestContextFilter.doFilterInternal(RequestContextFilter.java:100)
	at org.springframework.web.filter.OncePerRequestFilter.doFilter(OncePerRequestFilter.java:116)
	at org.apache.catalina.core.ApplicationFilterChain.internalDoFilter(ApplicationFilterChain.java:164)
	at org.apache.catalina.core.ApplicationFilterChain.doFilter(ApplicationFilterChain.java:140)
	at org.springframework.web.filter.FormContentFilter.doFilterInternal(FormContentFilter.java:93)
	at org.springframework.web.filter.OncePerRequestFilter.doFilter(OncePerRequestFilter.java:116)
	at org.apache.catalina.core.ApplicationFilterChain.internalDoFilter(ApplicationFilterChain.java:164)
	at org.apache.catalina.core.ApplicationFilterChain.doFilter(ApplicationFilterChain.java:140)
	at org.springframework.web.filter.ServerHttpObservationFilter.doFilterInternal(ServerHttpObservationFilter.java:113)
	at org.springframework.web.filter.OncePerRequestFilter.doFilter(OncePerRequestFilter.java:116)
	at org.apache.catalina.core.ApplicationFilterChain.internalDoFilter(ApplicationFilterChain.java:164)
	at org.apache.catalina.core.ApplicationFilterChain.doFilter(ApplicationFilterChain.java:140)
	at org.springframework.web.filter.CharacterEncodingFilter.doFilterInternal(CharacterEncodingFilter.java:201)
	at org.springframework.web.filter.OncePerRequestFilter.doFilter(OncePerRequestFilter.java:116)
	at org.apache.catalina.core.ApplicationFilterChain.internalDoFilter(ApplicationFilterChain.java:164)
	at org.apache.catalina.core.ApplicationFilterChain.doFilter(ApplicationFilterChain.java:140)
	at org.apache.catalina.core.StandardWrapperValve.invoke(StandardWrapperValve.java:167)
	at org.apache.catalina.core.StandardContextValve.invoke(StandardContextValve.java:90)
	at org.apache.catalina.authenticator.AuthenticatorBase.invoke(AuthenticatorBase.java:483)
	at org.apache.catalina.core.StandardHostValve.invoke(StandardHostValve.java:115)
	at org.apache.catalina.valves.ErrorReportValve.invoke(ErrorReportValve.java:93)
	at org.apache.catalina.core.StandardEngineValve.invoke(StandardEngineValve.java:74)
	at org.apache.catalina.connector.CoyoteAdapter.service(CoyoteAdapter.java:344)
	at org.apache.coyote.http11.Http11Processor.service(Http11Processor.java:384)
	at org.apache.coyote.AbstractProcessorLight.process(AbstractProcessorLight.java:63)
	at org.apache.coyote.AbstractProtocol$ConnectionHandler.process(AbstractProtocol.java:905)
	at org.apache.tomcat.util.net.NioEndpoint$SocketProcessor.doRun(NioEndpoint.java:1741)
	at org.apache.tomcat.util.net.SocketProcessorBase.run(SocketProcessorBase.java:52)
	at org.apache.tomcat.util.threads.ThreadPoolExecutor.runWorker(ThreadPoolExecutor.java:1190)
	at org.apache.tomcat.util.threads.ThreadPoolExecutor$Worker.run(ThreadPoolExecutor.java:659)
	at org.apache.tomcat.util.threads.TaskThread$WrappingRunnable.run(TaskThread.java:63)
	at java.base/java.lang.Thread.run(Thread.java:1583)
2024-09-22 11:35:45 - Request HTTP: GET, Request URI: /api/product
2024-09-22 11:35:45 - Calling URL productList
2024-09-22 11:35:45 - Get list of all products
2024-09-22 11:35:45 - Response Status: 200
2024-09-22 11:36:04 - Request HTTP: POST, Request URI: /api/product
2024-09-22 11:36:04 - Calling URL createNewProduct
2024-09-22 11:36:04 - Creating product: ProductDTO[book_id=null, book_title=abc, book_price=100, book_quantity=20, createdAt=null, updatedAt=null]
2024-09-22 11:36:04 - Response Status: 201
2024-09-22 11:36:40 - Request HTTP: POST, Request URI: /api/product/123123
2024-09-22 11:36:40 - Resolved [org.springframework.web.HttpRequestMethodNotSupportedException: Request method 'POST' is not supported]
2024-09-22 11:36:40 - Response Status: 405
2024-09-22 11:37:11 - Request HTTP: GET, Request URI: /api/product
2024-09-22 11:37:11 - Calling URL productList
2024-09-22 11:37:11 - Get list of all products
2024-09-22 11:37:11 - Response Status: 200
2024-09-22 11:42:58 - Request HTTP: GET, Request URI: /api/customer
2024-09-22 11:42:58 - calling URL getAllCustomers
2024-09-22 11:42:58 - Get list of all customers
2024-09-22 11:42:58 - Response Status: 200
